<?xml version="1.0" encoding="UTF-8"?>
<testsuite xmlns:xsi="http://www.w3.org/2001/XMLSchema-instance" xsi:noNamespaceSchemaLocation="https://maven.apache.org/surefire/maven-surefire-plugin/xsd/surefire-test-report-3.0.xsd" version="3.0" name="com.nttdata.runner.RunnerTest" time="13.621" tests="9" errors="0" skipped="0" failures="0">
  <properties>
[...]
</properties>
  <testcase name="estoy en la página de la tienda" classname=": Validación del precio de un producto" time="2.701">
    <system-err><![CDATA[Starting ChromeDriver 131.0.6778.139 (c35bbcbd7c2775a12a3f320e05ac0022939b1a8a-refs/branch-heads/6778@{#2771}) on port 54156
Only local connections are allowed.
Please see https://chromedriver.chromium.org/security-considerations for suggestions on keeping ChromeDriver safe.
ChromeDriver was started successfully on port 54156.
dic. 18, 2024 7:00:16 P. M. org.openqa.selenium.devtools.CdpVersionFinder findNearestMatch
WARNING: Unable to find CDP implementation matching 131
dic. 18, 2024 7:00:16 P. M. org.openqa.selenium.chromium.ChromiumDriver lambda$new$3
WARNING: Unable to find version of CDP to use for . You may need to include a dependency on a specific version of the CDP using something similar to `org.seleniumhq.selenium:selenium-devtools-v86:4.5.0` where the version ("v86") matches the version of the chromium-based browser you're using and the version number of the artifact is the same as Selenium's.
]]></system-err>
  </testcase>
  <testcase name="me logueo con mi usuario &quot;24110147@gmail.com&quot; y clave &quot;Cancerbero16#&quot;" classname=": Validación del precio de un producto" time="1.537"/>
  <testcase name="navego a la categoria &quot;Clothes&quot; y subcategoria &quot;Men&quot;" classname=": Validación del precio de un producto" time="1.906"/>
  <testcase name="agrego 2 unidades del primer producto al carrito" classname=": Validación del precio de un producto" time="1.679"/>
  <testcase name="valido en el popup la confirmación del producto agregado" classname=": Validación del precio de un producto" time="1.478"/>
  <testcase name="valido en el popup que el monto total sea calculado correctamente" classname=": Validación del precio de un producto" time="0.218">
    <system-out><![CDATA[Validación del monto final del popup exitosa
]]></system-out>
  </testcase>
  <testcase name="finalizo la compra" classname=": Validación del precio de un producto" time="0.916"/>
  <testcase name="valido el titulo de la pagina del carrito" classname=": Validación del precio de un producto" time="0.176"/>
  <testcase name="vuelvo a validar el calculo de precios en el carrito" classname=": Validación del precio de un producto" time="0.187">
    <system-out><![CDATA[Validación del monto final del carrito exitosa
]]></system-out>
  </testcase>
</testsuite>